0 verbose cli /usr/bin/node /usr/lib/node_modules/npm/bin/npm-cli.js
1 info using npm@10.9.7
2 info using node@v22.22.2
3 silly config load:file:/usr/lib/node_modules/npm/npmrc
4 silly config load:file:/home/clawbot/.openclaw/plugin-runtime-deps/openclaw-unknown-8e1f282ff784/.npmrc
5 silly config load:file:/home/clawbot/.npmrc
6 silly config load:file:/home/clawbot/.npm-global/etc/npmrc
7 verbose title npm install @buape/carbon@0.16.0 @discordjs/voice@^0.19.2 @grammyjs/runner@^2.0.3 @grammyjs/transformer-throttler@^1.2.1 @tencent-connect/qqbot-connector@^1.1.0 discord-api-types@^0.38.47 grammy@^1.42.0 https-proxy-agent@^9.0.0 mpg123-decoder@^1.0.3 opusscript@^0.1.1 silk-wasm@^3.7.1 typebox@1.1.31 undici@8.1.0 ws@^8.20.0 zod@^4.3.6
8 verbose argv "install" "--ignore-scripts" "@buape/carbon@0.16.0" "@discordjs/voice@^0.19.2" "@grammyjs/runner@^2.0.3" "@grammyjs/transformer-throttler@^1.2.1" "@tencent-connect/qqbot-connector@^1.1.0" "discord-api-types@^0.38.47" "grammy@^1.42.0" "https-proxy-agent@^9.0.0" "mpg123-decoder@^1.0.3" "opusscript@^0.1.1" "silk-wasm@^3.7.1" "typebox@1.1.31" "undici@8.1.0" "ws@^8.20.0" "zod@^4.3.6"
9 verbose logfile logs-max:10 dir:/home/clawbot/.openclaw/plugin-runtime-deps/openclaw-unknown-8e1f282ff784/.openclaw-npm-cache/_logs/2026-04-25T19_48_51_510Z-
10 verbose logfile /home/clawbot/.openclaw/plugin-runtime-deps/openclaw-unknown-8e1f282ff784/.openclaw-npm-cache/_logs/2026-04-25T19_48_51_510Z-debug-0.log
11 silly logfile done cleaning log files
12 silly packumentCache heap:4345298944 maxSize:1086324736 maxEntrySize:543162368
13 silly idealTree buildDeps
14 silly fetch manifest @buape/carbon@0.16.0
15 silly packumentCache full:https://registry.npmjs.org/@buape%2fcarbon cache-miss
16 http cache https://registry.npmjs.org/@buape%2fcarbon 9ms (cache hit)
17 silly packumentCache full:https://registry.npmjs.org/@buape%2fcarbon set size:535257 disposed:false
18 silly fetch manifest @discordjs/voice@^0.19.2
19 silly packumentCache full:https://registry.npmjs.org/@discordjs%2fvoice cache-miss
20 http cache https://registry.npmjs.org/@discordjs%2fvoice 13ms (cache hit)
21 silly packumentCache full:https://registry.npmjs.org/@discordjs%2fvoice set size:6016356 disposed:false
22 silly fetch manifest @grammyjs/runner@^2.0.3
23 silly packumentCache full:https://registry.npmjs.org/@grammyjs%2frunner cache-miss
24 http cache https://registry.npmjs.org/@grammyjs%2frunner 3ms (cache hit)
25 silly packumentCache full:https://registry.npmjs.org/@grammyjs%2frunner set size:47308 disposed:false
26 silly fetch manifest @grammyjs/transformer-throttler@^1.2.1
27 silly packumentCache full:https://registry.npmjs.org/@grammyjs%2ftransformer-throttler cache-miss
28 http cache https://registry.npmjs.org/@grammyjs%2ftransformer-throttler 2ms (cache hit)
29 silly packumentCache full:https://registry.npmjs.org/@grammyjs%2ftransformer-throttler set size:30520 disposed:false
30 silly fetch manifest @tencent-connect/qqbot-connector@^1.1.0
31 silly packumentCache full:https://registry.npmjs.org/@tencent-connect%2fqqbot-connector cache-miss
32 http fetch GET 200 https://registry.npmjs.org/@tencent-connect%2fqqbot-connector 201ms (cache miss)
33 silly packumentCache full:https://registry.npmjs.org/@tencent-connect%2fqqbot-connector set size:undefined disposed:false
34 silly fetch manifest discord-api-types@^0.38.47
35 silly packumentCache full:https://registry.npmjs.org/discord-api-types cache-miss
36 http cache https://registry.npmjs.org/discord-api-types 18ms (cache hit)
37 silly packumentCache full:https://registry.npmjs.org/discord-api-types set size:8136472 disposed:false
38 silly fetch manifest grammy@^1.42.0
39 silly packumentCache full:https://registry.npmjs.org/grammy cache-miss
40 http cache https://registry.npmjs.org/grammy 6ms (cache hit)
41 silly packumentCache full:https://registry.npmjs.org/grammy set size:413645 disposed:false
42 silly fetch manifest https-proxy-agent@^9.0.0
43 silly packumentCache full:https://registry.npmjs.org/https-proxy-agent cache-miss
44 http cache https://registry.npmjs.org/https-proxy-agent 2ms (cache hit)
45 silly packumentCache full:https://registry.npmjs.org/https-proxy-agent set size:81258 disposed:false
46 silly fetch manifest mpg123-decoder@^1.0.3
47 silly packumentCache full:https://registry.npmjs.org/mpg123-decoder cache-miss
48 http fetch GET 200 https://registry.npmjs.org/mpg123-decoder 70ms (cache miss)
49 silly packumentCache full:https://registry.npmjs.org/mpg123-decoder set size:undefined disposed:false
50 silly fetch manifest opusscript@^0.1.1
51 silly packumentCache full:https://registry.npmjs.org/opusscript cache-miss
52 http cache https://registry.npmjs.org/opusscript 3ms (cache hit)
53 silly packumentCache full:https://registry.npmjs.org/opusscript set size:17409 disposed:false
54 silly fetch manifest silk-wasm@^3.7.1
55 silly packumentCache full:https://registry.npmjs.org/silk-wasm cache-miss
56 http fetch GET 200 https://registry.npmjs.org/silk-wasm 61ms (cache miss)
57 silly packumentCache full:https://registry.npmjs.org/silk-wasm set size:undefined disposed:false
58 silly fetch manifest typebox@1.1.31
59 silly packumentCache full:https://registry.npmjs.org/typebox cache-miss
60 http cache https://registry.npmjs.org/typebox 7ms (cache hit)
61 silly packumentCache full:https://registry.npmjs.org/typebox set size:360671 disposed:false
62 silly fetch manifest undici@8.1.0
63 silly packumentCache full:https://registry.npmjs.org/undici cache-miss
64 http cache https://registry.npmjs.org/undici 5ms (cache hit)
65 silly packumentCache full:https://registry.npmjs.org/undici set size:1370112 disposed:false
66 silly fetch manifest ws@^8.20.0
67 silly packumentCache full:https://registry.npmjs.org/ws cache-miss
68 http cache https://registry.npmjs.org/ws 2ms (cache hit)
69 silly packumentCache full:https://registry.npmjs.org/ws set size:415737 disposed:false
70 silly fetch manifest zod@^4.3.6
71 silly packumentCache full:https://registry.npmjs.org/zod cache-miss
72 http fetch GET 200 https://registry.npmjs.org/zod 161ms (cache miss)
73 silly packumentCache full:https://registry.npmjs.org/zod set size:undefined disposed:false
74 silly placeDep ROOT @buape/carbon@0.16.0 REPLACE for:  want: 0.16.0
75 silly placeDep ROOT @discordjs/voice@0.19.2 REPLACE for:  want: ^0.19.2
76 silly placeDep ROOT @grammyjs/runner@2.0.3 REPLACE for:  want: ^2.0.3
77 silly placeDep ROOT @grammyjs/transformer-throttler@1.2.1 REPLACE for:  want: ^1.2.1
78 silly placeDep ROOT @tencent-connect/qqbot-connector@1.1.0 OK for:  want: ^1.1.0
79 silly placeDep ROOT discord-api-types@0.38.47 REPLACE for:  want: ^0.38.47
80 silly placeDep ROOT grammy@1.42.0 REPLACE for:  want: ^1.42.0
81 silly placeDep ROOT https-proxy-agent@9.0.0 REPLACE for:  want: ^9.0.0
82 silly placeDep ROOT mpg123-decoder@1.0.3 OK for:  want: ^1.0.3
83 silly placeDep ROOT opusscript@0.1.1 REPLACE for:  want: ^0.1.1
84 silly placeDep ROOT silk-wasm@3.7.1 OK for:  want: ^3.7.1
85 silly placeDep ROOT typebox@1.1.31 REPLACE for:  want: 1.1.31
86 silly placeDep ROOT undici@8.1.0 REPLACE for:  want: 8.1.0
87 silly placeDep ROOT ws@8.20.0 REPLACE for:  want: ^8.20.0
88 silly placeDep ROOT zod@4.3.6 OK for:  want: ^4.3.6
89 silly fetch manifest qrcode-terminal@^0.12
90 silly packumentCache full:https://registry.npmjs.org/qrcode-terminal cache-miss
91 silly fetch manifest @wasm-audio-decoders/common@9.0.7
92 silly packumentCache full:https://registry.npmjs.org/@wasm-audio-decoders%2fcommon cache-miss
93 http fetch GET 200 https://registry.npmjs.org/qrcode-terminal 56ms (cache miss)
94 silly packumentCache full:https://registry.npmjs.org/qrcode-terminal set size:undefined disposed:false
95 http fetch GET 200 https://registry.npmjs.org/@wasm-audio-decoders%2fcommon 197ms (cache miss)
96 silly packumentCache full:https://registry.npmjs.org/@wasm-audio-decoders%2fcommon set size:undefined disposed:false
97 silly placeDep ROOT qrcode-terminal@0.12.0 OK for: @tencent-connect/qqbot-connector@1.1.0 want: ^0.12
98 silly placeDep ROOT @wasm-audio-decoders/common@9.0.7 OK for: mpg123-decoder@1.0.3 want: 9.0.7
99 silly fetch manifest @eshaz/web-worker@1.2.2
100 silly packumentCache full:https://registry.npmjs.org/@eshaz%2fweb-worker cache-miss
101 silly fetch manifest simple-yenc@^1.0.4
102 silly packumentCache full:https://registry.npmjs.org/simple-yenc cache-miss
103 http fetch GET 200 https://registry.npmjs.org/simple-yenc 64ms (cache miss)
104 silly packumentCache full:https://registry.npmjs.org/simple-yenc set size:undefined disposed:false
105 http fetch GET 200 https://registry.npmjs.org/@eshaz%2fweb-worker 190ms (cache miss)
106 silly packumentCache full:https://registry.npmjs.org/@eshaz%2fweb-worker set size:undefined disposed:false
107 silly placeDep ROOT @eshaz/web-worker@1.2.2 OK for: @wasm-audio-decoders/common@9.0.7 want: 1.2.2
108 silly placeDep ROOT simple-yenc@1.0.4 OK for: @wasm-audio-decoders/common@9.0.7 want: ^1.0.4
109 silly reify moves {}
110 http cache @eshaz/web-worker@https://registry.npmjs.org/@eshaz/web-worker/-/web-worker-1.2.2.tgz 0ms (cache hit)
111 http cache simple-yenc@https://registry.npmjs.org/simple-yenc/-/simple-yenc-1.0.4.tgz 0ms (cache hit)
112 http cache @wasm-audio-decoders/common@https://registry.npmjs.org/@wasm-audio-decoders/common/-/common-9.0.7.tgz 0ms (cache hit)
113 http cache zod@https://registry.npmjs.org/zod/-/zod-4.3.6.tgz 0ms (cache hit)
114 http cache qrcode-terminal@https://registry.npmjs.org/qrcode-terminal/-/qrcode-terminal-0.12.0.tgz 0ms (cache hit)
115 http cache silk-wasm@https://registry.npmjs.org/silk-wasm/-/silk-wasm-3.7.1.tgz 0ms (cache hit)
116 http cache @tencent-connect/qqbot-connector@https://registry.npmjs.org/@tencent-connect/qqbot-connector/-/qqbot-connector-1.1.0.tgz 0ms (cache hit)
117 http cache mpg123-decoder@https://registry.npmjs.org/mpg123-decoder/-/mpg123-decoder-1.0.3.tgz 0ms (cache hit)
118 silly tarball no local data for @eshaz/web-worker@https://registry.npmjs.org/@eshaz/web-worker/-/web-worker-1.2.2.tgz. Extracting by manifest.
119 silly tarball no local data for simple-yenc@https://registry.npmjs.org/simple-yenc/-/simple-yenc-1.0.4.tgz. Extracting by manifest.
120 silly tarball no local data for @wasm-audio-decoders/common@https://registry.npmjs.org/@wasm-audio-decoders/common/-/common-9.0.7.tgz. Extracting by manifest.
121 silly tarball no local data for zod@https://registry.npmjs.org/zod/-/zod-4.3.6.tgz. Extracting by manifest.
122 silly tarball no local data for qrcode-terminal@https://registry.npmjs.org/qrcode-terminal/-/qrcode-terminal-0.12.0.tgz. Extracting by manifest.
123 silly tarball no local data for silk-wasm@https://registry.npmjs.org/silk-wasm/-/silk-wasm-3.7.1.tgz. Extracting by manifest.
124 silly tarball no local data for @tencent-connect/qqbot-connector@https://registry.npmjs.org/@tencent-connect/qqbot-connector/-/qqbot-connector-1.1.0.tgz. Extracting by manifest.
125 silly tarball no local data for mpg123-decoder@https://registry.npmjs.org/mpg123-decoder/-/mpg123-decoder-1.0.3.tgz. Extracting by manifest.
126 http fetch GET 200 https://registry.npmjs.org/simple-yenc/-/simple-yenc-1.0.4.tgz 55ms (cache miss)
127 http fetch GET 200 https://registry.npmjs.org/@eshaz/web-worker/-/web-worker-1.2.2.tgz 58ms (cache miss)
128 http fetch GET 200 https://registry.npmjs.org/@wasm-audio-decoders/common/-/common-9.0.7.tgz 188ms (cache miss)
129 http fetch GET 200 https://registry.npmjs.org/mpg123-decoder/-/mpg123-decoder-1.0.3.tgz 193ms (cache miss)
130 http fetch GET 200 https://registry.npmjs.org/silk-wasm/-/silk-wasm-3.7.1.tgz 193ms (cache miss)
131 http fetch GET 200 https://registry.npmjs.org/@tencent-connect/qqbot-connector/-/qqbot-connector-1.1.0.tgz 193ms (cache miss)
132 http fetch GET 200 https://registry.npmjs.org/qrcode-terminal/-/qrcode-terminal-0.12.0.tgz 195ms (cache miss)
133 http fetch GET 200 https://registry.npmjs.org/zod/-/zod-4.3.6.tgz 288ms (cache miss)
134 silly ADD node_modules/simple-yenc
135 silly ADD node_modules/@eshaz/web-worker
136 silly ADD node_modules/@wasm-audio-decoders/common
137 silly ADD node_modules/qrcode-terminal
138 silly ADD node_modules/zod
139 silly ADD node_modules/silk-wasm
140 silly ADD node_modules/mpg123-decoder
141 silly ADD node_modules/@tencent-connect/qqbot-connector
142 verbose cwd /home/clawbot/.openclaw/plugin-runtime-deps/openclaw-unknown-8e1f282ff784
143 verbose os Linux 6.17.0-20-generic
144 verbose node v22.22.2
145 verbose npm  v10.9.7
146 verbose exit 0
147 info ok
