0 verbose cli /usr/bin/node /usr/lib/node_modules/npm/bin/npm-cli.js
1 info using npm@10.9.7
2 info using node@v22.22.2
3 silly config load:file:/usr/lib/node_modules/npm/npmrc
4 silly config load:file:/home/clawbot/.openclaw/plugin-runtime-deps/openclaw-unknown-8e1f282ff784/.npmrc
5 silly config load:file:/home/clawbot/.npmrc
6 silly config load:file:/home/clawbot/.npm-global/etc/npmrc
7 verbose title npm install @buape/carbon@0.16.0 @discordjs/voice@^0.19.2 discord-api-types@^0.38.47 https-proxy-agent@^9.0.0 opusscript@^0.1.1 typebox@1.1.31 undici@8.1.0 ws@^8.20.0
8 verbose argv "install" "--ignore-scripts" "@buape/carbon@0.16.0" "@discordjs/voice@^0.19.2" "discord-api-types@^0.38.47" "https-proxy-agent@^9.0.0" "opusscript@^0.1.1" "typebox@1.1.31" "undici@8.1.0" "ws@^8.20.0"
9 verbose logfile logs-max:10 dir:/home/clawbot/.openclaw/plugin-runtime-deps/openclaw-unknown-8e1f282ff784/.openclaw-npm-cache/_logs/2026-04-25T19_48_25_577Z-
10 verbose logfile /home/clawbot/.openclaw/plugin-runtime-deps/openclaw-unknown-8e1f282ff784/.openclaw-npm-cache/_logs/2026-04-25T19_48_25_577Z-debug-0.log
11 silly logfile done cleaning log files
12 silly packumentCache heap:4345298944 maxSize:1086324736 maxEntrySize:543162368
13 silly idealTree buildDeps
14 silly fetch manifest @buape/carbon@0.16.0
15 silly packumentCache full:https://registry.npmjs.org/@buape%2fcarbon cache-miss
16 http fetch GET 200 https://registry.npmjs.org/@buape%2fcarbon 205ms (cache miss)
17 silly packumentCache full:https://registry.npmjs.org/@buape%2fcarbon set size:undefined disposed:false
18 silly fetch manifest @discordjs/voice@^0.19.2
19 silly packumentCache full:https://registry.npmjs.org/@discordjs%2fvoice cache-miss
20 http fetch GET 200 https://registry.npmjs.org/npm 287ms
21 http fetch GET 200 https://registry.npmjs.org/@discordjs%2fvoice 214ms (cache miss)
22 silly packumentCache full:https://registry.npmjs.org/@discordjs%2fvoice set size:undefined disposed:false
23 silly fetch manifest discord-api-types@^0.38.47
24 silly packumentCache full:https://registry.npmjs.org/discord-api-types cache-miss
25 http fetch GET 200 https://registry.npmjs.org/discord-api-types 157ms (cache miss)
26 silly packumentCache full:https://registry.npmjs.org/discord-api-types set size:undefined disposed:false
27 silly fetch manifest https-proxy-agent@^9.0.0
28 silly packumentCache full:https://registry.npmjs.org/https-proxy-agent cache-miss
29 http fetch GET 200 https://registry.npmjs.org/https-proxy-agent 58ms (cache miss)
30 silly packumentCache full:https://registry.npmjs.org/https-proxy-agent set size:undefined disposed:false
31 silly fetch manifest opusscript@^0.1.1
32 silly packumentCache full:https://registry.npmjs.org/opusscript cache-miss
33 http fetch GET 200 https://registry.npmjs.org/opusscript 54ms (cache miss)
34 silly packumentCache full:https://registry.npmjs.org/opusscript set size:undefined disposed:false
35 silly fetch manifest typebox@1.1.31
36 silly packumentCache full:https://registry.npmjs.org/typebox cache-miss
37 http fetch GET 200 https://registry.npmjs.org/typebox 68ms (cache miss)
38 silly packumentCache full:https://registry.npmjs.org/typebox set size:undefined disposed:false
39 silly fetch manifest undici@8.1.0
40 silly packumentCache full:https://registry.npmjs.org/undici cache-miss
41 http fetch GET 200 https://registry.npmjs.org/undici 88ms (cache miss)
42 silly packumentCache full:https://registry.npmjs.org/undici set size:undefined disposed:false
43 silly fetch manifest ws@^8.20.0
44 silly packumentCache full:https://registry.npmjs.org/ws cache-miss
45 http fetch GET 200 https://registry.npmjs.org/ws 70ms (cache miss)
46 silly packumentCache full:https://registry.npmjs.org/ws set size:undefined disposed:false
47 silly placeDep ROOT @buape/carbon@0.16.0 OK for:  want: 0.16.0
48 silly placeDep ROOT @discordjs/voice@0.19.2 OK for:  want: ^0.19.2
49 silly placeDep ROOT discord-api-types@0.38.47 OK for:  want: ^0.38.47
50 silly placeDep ROOT https-proxy-agent@9.0.0 OK for:  want: ^9.0.0
51 silly placeDep ROOT opusscript@0.1.1 OK for:  want: ^0.1.1
52 silly placeDep ROOT typebox@1.1.31 OK for:  want: 1.1.31
53 silly placeDep ROOT undici@8.1.0 OK for:  want: 8.1.0
54 silly placeDep ROOT ws@8.20.0 OK for:  want: ^8.20.0
55 silly fetch manifest @types/node@^25.6.0
56 silly packumentCache full:https://registry.npmjs.org/@types%2fnode cache-miss
57 silly fetch manifest discord-api-types@0.38.45
58 silly packumentCache full:https://registry.npmjs.org/discord-api-types cache-miss
59 silly fetch manifest @cloudflare/workers-types@4.20260405.1
60 silly packumentCache full:https://registry.npmjs.org/@cloudflare%2fworkers-types cache-miss
61 silly fetch manifest @discordjs/voice@0.19.2
62 silly packumentCache full:https://registry.npmjs.org/@discordjs%2fvoice cache-miss
63 silly fetch manifest @types/bun@1.3.11
64 silly packumentCache full:https://registry.npmjs.org/@types%2fbun cache-miss
65 silly fetch manifest @types/ws@8.18.1
66 silly packumentCache full:https://registry.npmjs.org/@types%2fws cache-miss
67 silly fetch manifest ws@8.20.0
68 silly packumentCache full:https://registry.npmjs.org/ws cache-miss
69 silly fetch manifest ws@^8.19.0
70 silly packumentCache full:https://registry.npmjs.org/ws cache-miss
71 silly fetch manifest tslib@^2.8.1
72 silly packumentCache full:https://registry.npmjs.org/tslib cache-miss
73 silly fetch manifest @types/ws@^8.18.1
74 silly packumentCache full:https://registry.npmjs.org/@types%2fws cache-miss
75 silly fetch manifest prism-media@^1.3.5
76 silly packumentCache full:https://registry.npmjs.org/prism-media cache-miss
77 silly fetch manifest @snazzah/davey@^0.1.9
78 silly packumentCache full:https://registry.npmjs.org/@snazzah%2fdavey cache-miss
79 silly fetch manifest discord-api-types@^0.38.41
80 silly packumentCache full:https://registry.npmjs.org/discord-api-types cache-miss
81 silly fetch manifest debug@^4.3.4
82 silly packumentCache full:https://registry.npmjs.org/debug cache-miss
83 silly fetch manifest agent-base@9.0.0
84 silly packumentCache full:https://registry.npmjs.org/agent-base cache-miss
85 http cache https://registry.npmjs.org/ws 17ms (cache hit)
86 silly packumentCache full:https://registry.npmjs.org/ws set size:415737 disposed:false
87 http cache https://registry.npmjs.org/ws 20ms (cache hit)
88 silly packumentCache full:https://registry.npmjs.org/ws set size:415737 disposed:false
89 silly packumentCache full:https://registry.npmjs.org/ws dispose
90 http cache https://registry.npmjs.org/@discordjs%2fvoice 30ms (cache hit)
91 silly packumentCache full:https://registry.npmjs.org/@discordjs%2fvoice set size:6016356 disposed:false
92 http cache https://registry.npmjs.org/discord-api-types 63ms (cache hit)
93 silly packumentCache full:https://registry.npmjs.org/discord-api-types set size:8136472 disposed:false
94 http cache https://registry.npmjs.org/discord-api-types 102ms (cache hit)
95 silly packumentCache full:https://registry.npmjs.org/discord-api-types set size:8136472 disposed:false
96 http fetch GET 200 https://registry.npmjs.org/@cloudflare%2fworkers-types 153ms (cache miss)
97 silly packumentCache full:https://registry.npmjs.org/@cloudflare%2fworkers-types set size:undefined disposed:false
98 http fetch GET 200 https://registry.npmjs.org/@types%2fnode 205ms (cache miss)
99 silly packumentCache full:https://registry.npmjs.org/@types%2fnode set size:undefined disposed:false
100 http fetch GET 200 https://registry.npmjs.org/@snazzah%2fdavey 265ms (cache miss)
101 silly packumentCache full:https://registry.npmjs.org/@snazzah%2fdavey set size:undefined disposed:false
102 http fetch GET 200 https://registry.npmjs.org/agent-base 267ms (cache miss)
103 silly packumentCache full:https://registry.npmjs.org/agent-base set size:undefined disposed:false
104 http fetch GET 200 https://registry.npmjs.org/@types%2fbun 269ms (cache miss)
105 silly packumentCache full:https://registry.npmjs.org/@types%2fbun set size:undefined disposed:false
106 http fetch GET 200 https://registry.npmjs.org/tslib 269ms (cache miss)
107 silly packumentCache full:https://registry.npmjs.org/tslib set size:undefined disposed:false
108 http fetch GET 200 https://registry.npmjs.org/prism-media 270ms (cache miss)
109 silly packumentCache full:https://registry.npmjs.org/prism-media set size:undefined disposed:false
110 http fetch GET 200 https://registry.npmjs.org/@types%2fws 270ms (cache miss)
111 silly packumentCache full:https://registry.npmjs.org/@types%2fws set size:undefined disposed:false
112 http fetch GET 200 https://registry.npmjs.org/debug 271ms (cache miss)
113 silly packumentCache full:https://registry.npmjs.org/debug set size:undefined disposed:false
114 http fetch GET 200 https://registry.npmjs.org/@types%2fws 325ms (cache miss)
115 silly packumentCache full:https://registry.npmjs.org/@types%2fws set size:undefined disposed:false
116 silly placeDep ROOT @cloudflare/workers-types@4.20260405.1 OK for: @buape/carbon@0.16.0 want: 4.20260405.1
117 silly placeDep ROOT @types/bun@1.3.11 OK for: @buape/carbon@0.16.0 want: 1.3.11
118 silly placeDep ROOT @types/node@25.6.0 OK for: @buape/carbon@0.16.0 want: ^25.6.0
119 silly placeDep ROOT @types/ws@8.18.1 OK for: @buape/carbon@0.16.0 want: 8.18.1
120 silly placeDep node_modules/@buape/carbon discord-api-types@0.38.45 OK for: @buape/carbon@0.16.0 want: 0.38.45
121 silly fetch manifest bun-types@1.3.11
122 silly packumentCache full:https://registry.npmjs.org/bun-types cache-miss
123 silly fetch manifest undici-types@~7.19.0
124 silly packumentCache full:https://registry.npmjs.org/undici-types cache-miss
125 http fetch GET 200 https://registry.npmjs.org/undici-types 67ms (cache miss)
126 silly packumentCache full:https://registry.npmjs.org/undici-types set size:undefined disposed:false
127 http fetch GET 200 https://registry.npmjs.org/bun-types 127ms (cache miss)
128 silly packumentCache full:https://registry.npmjs.org/bun-types set size:undefined disposed:false
129 silly placeDep ROOT @snazzah/davey@0.1.11 OK for: @discordjs/voice@0.19.2 want: ^0.1.9
130 silly placeDep ROOT prism-media@1.3.5 OK for: @discordjs/voice@0.19.2 want: ^1.3.5
131 silly placeDep ROOT tslib@2.8.1 OK for: @discordjs/voice@0.19.2 want: ^2.8.1
132 silly fetch manifest @snazzah/davey-darwin-x64@0.1.11
133 silly packumentCache full:https://registry.npmjs.org/@snazzah%2fdavey-darwin-x64 cache-miss
134 silly fetch manifest @snazzah/davey-darwin-arm64@0.1.11
135 silly packumentCache full:https://registry.npmjs.org/@snazzah%2fdavey-darwin-arm64 cache-miss
136 silly fetch manifest @snazzah/davey-linux-x64-gnu@0.1.11
137 silly packumentCache full:https://registry.npmjs.org/@snazzah%2fdavey-linux-x64-gnu cache-miss
138 silly fetch manifest @snazzah/davey-win32-x64-msvc@0.1.11
139 silly packumentCache full:https://registry.npmjs.org/@snazzah%2fdavey-win32-x64-msvc cache-miss
140 silly fetch manifest @snazzah/davey-linux-x64-musl@0.1.11
141 silly packumentCache full:https://registry.npmjs.org/@snazzah%2fdavey-linux-x64-musl cache-miss
142 silly fetch manifest @snazzah/davey-linux-arm64-gnu@0.1.11
143 silly packumentCache full:https://registry.npmjs.org/@snazzah%2fdavey-linux-arm64-gnu cache-miss
144 silly fetch manifest @snazzah/davey-win32-ia32-msvc@0.1.11
145 silly packumentCache full:https://registry.npmjs.org/@snazzah%2fdavey-win32-ia32-msvc cache-miss
146 silly fetch manifest @snazzah/davey-linux-arm-gnueabihf@0.1.11
147 silly packumentCache full:https://registry.npmjs.org/@snazzah%2fdavey-linux-arm-gnueabihf cache-miss
148 silly fetch manifest @snazzah/davey-android-arm64@0.1.11
149 silly packumentCache full:https://registry.npmjs.org/@snazzah%2fdavey-android-arm64 cache-miss
150 silly fetch manifest @snazzah/davey-freebsd-x64@0.1.11
151 silly packumentCache full:https://registry.npmjs.org/@snazzah%2fdavey-freebsd-x64 cache-miss
152 silly fetch manifest @snazzah/davey-linux-arm64-musl@0.1.11
153 silly packumentCache full:https://registry.npmjs.org/@snazzah%2fdavey-linux-arm64-musl cache-miss
154 silly fetch manifest @snazzah/davey-win32-arm64-msvc@0.1.11
155 silly packumentCache full:https://registry.npmjs.org/@snazzah%2fdavey-win32-arm64-msvc cache-miss
156 silly fetch manifest @snazzah/davey-android-arm-eabi@0.1.11
157 silly packumentCache full:https://registry.npmjs.org/@snazzah%2fdavey-android-arm-eabi cache-miss
158 silly fetch manifest @snazzah/davey-wasm32-wasi@0.1.11
159 silly packumentCache full:https://registry.npmjs.org/@snazzah%2fdavey-wasm32-wasi cache-miss
160 http fetch GET 200 https://registry.npmjs.org/@snazzah%2fdavey-win32-x64-msvc 99ms (cache miss)
161 silly packumentCache full:https://registry.npmjs.org/@snazzah%2fdavey-win32-x64-msvc set size:undefined disposed:false
162 http fetch GET 200 https://registry.npmjs.org/@snazzah%2fdavey-freebsd-x64 99ms (cache miss)
163 silly packumentCache full:https://registry.npmjs.org/@snazzah%2fdavey-freebsd-x64 set size:undefined disposed:false
164 http fetch GET 200 https://registry.npmjs.org/@snazzah%2fdavey-linux-x64-musl 100ms (cache miss)
165 silly packumentCache full:https://registry.npmjs.org/@snazzah%2fdavey-linux-x64-musl set size:undefined disposed:false
166 http fetch GET 200 https://registry.npmjs.org/@snazzah%2fdavey-android-arm64 99ms (cache miss)
167 silly packumentCache full:https://registry.npmjs.org/@snazzah%2fdavey-android-arm64 set size:undefined disposed:false
168 http fetch GET 200 https://registry.npmjs.org/@snazzah%2fdavey-darwin-x64 100ms (cache miss)
169 silly packumentCache full:https://registry.npmjs.org/@snazzah%2fdavey-darwin-x64 set size:undefined disposed:false
170 http fetch GET 200 https://registry.npmjs.org/@snazzah%2fdavey-linux-arm-gnueabihf 100ms (cache miss)
171 silly packumentCache full:https://registry.npmjs.org/@snazzah%2fdavey-linux-arm-gnueabihf set size:undefined disposed:false
172 http fetch GET 200 https://registry.npmjs.org/@snazzah%2fdavey-linux-x64-gnu 101ms (cache miss)
173 silly packumentCache full:https://registry.npmjs.org/@snazzah%2fdavey-linux-x64-gnu set size:undefined disposed:false
174 http fetch GET 200 https://registry.npmjs.org/@snazzah%2fdavey-win32-ia32-msvc 100ms (cache miss)
175 silly packumentCache full:https://registry.npmjs.org/@snazzah%2fdavey-win32-ia32-msvc set size:undefined disposed:false
176 http fetch GET 200 https://registry.npmjs.org/@snazzah%2fdavey-darwin-arm64 101ms (cache miss)
177 silly packumentCache full:https://registry.npmjs.org/@snazzah%2fdavey-darwin-arm64 set size:undefined disposed:false
178 http fetch GET 200 https://registry.npmjs.org/@snazzah%2fdavey-linux-arm64-gnu 101ms (cache miss)
179 silly packumentCache full:https://registry.npmjs.org/@snazzah%2fdavey-linux-arm64-gnu set size:undefined disposed:false
180 http fetch GET 200 https://registry.npmjs.org/@snazzah%2fdavey-linux-arm64-musl 171ms (cache miss)
181 silly packumentCache full:https://registry.npmjs.org/@snazzah%2fdavey-linux-arm64-musl set size:undefined disposed:false
182 http fetch GET 200 https://registry.npmjs.org/@snazzah%2fdavey-wasm32-wasi 188ms (cache miss)
183 silly packumentCache full:https://registry.npmjs.org/@snazzah%2fdavey-wasm32-wasi set size:undefined disposed:false
184 http fetch GET 200 https://registry.npmjs.org/@snazzah%2fdavey-android-arm-eabi 189ms (cache miss)
185 silly packumentCache full:https://registry.npmjs.org/@snazzah%2fdavey-android-arm-eabi set size:undefined disposed:false
186 http fetch GET 200 https://registry.npmjs.org/@snazzah%2fdavey-win32-arm64-msvc 189ms (cache miss)
187 silly packumentCache full:https://registry.npmjs.org/@snazzah%2fdavey-win32-arm64-msvc set size:undefined disposed:false
188 silly placeDep ROOT @snazzah/davey-android-arm-eabi@0.1.11 OK for: @snazzah/davey@0.1.11 want: 0.1.11
189 silly placeDep ROOT @snazzah/davey-android-arm64@0.1.11 OK for: @snazzah/davey@0.1.11 want: 0.1.11
190 silly placeDep ROOT @snazzah/davey-darwin-arm64@0.1.11 OK for: @snazzah/davey@0.1.11 want: 0.1.11
191 silly placeDep ROOT @snazzah/davey-darwin-x64@0.1.11 OK for: @snazzah/davey@0.1.11 want: 0.1.11
192 silly placeDep ROOT @snazzah/davey-freebsd-x64@0.1.11 OK for: @snazzah/davey@0.1.11 want: 0.1.11
193 silly placeDep ROOT @snazzah/davey-linux-arm-gnueabihf@0.1.11 OK for: @snazzah/davey@0.1.11 want: 0.1.11
194 silly placeDep ROOT @snazzah/davey-linux-arm64-gnu@0.1.11 OK for: @snazzah/davey@0.1.11 want: 0.1.11
195 silly placeDep ROOT @snazzah/davey-linux-arm64-musl@0.1.11 OK for: @snazzah/davey@0.1.11 want: 0.1.11
196 silly placeDep ROOT @snazzah/davey-linux-x64-gnu@0.1.11 OK for: @snazzah/davey@0.1.11 want: 0.1.11
197 silly placeDep ROOT @snazzah/davey-linux-x64-musl@0.1.11 OK for: @snazzah/davey@0.1.11 want: 0.1.11
198 silly placeDep ROOT @snazzah/davey-wasm32-wasi@0.1.11 OK for: @snazzah/davey@0.1.11 want: 0.1.11
199 silly placeDep ROOT @snazzah/davey-win32-arm64-msvc@0.1.11 OK for: @snazzah/davey@0.1.11 want: 0.1.11
200 silly placeDep ROOT @snazzah/davey-win32-ia32-msvc@0.1.11 OK for: @snazzah/davey@0.1.11 want: 0.1.11
201 silly placeDep ROOT @snazzah/davey-win32-x64-msvc@0.1.11 OK for: @snazzah/davey@0.1.11 want: 0.1.11
202 silly fetch manifest @napi-rs/wasm-runtime@^1.1.2
203 silly packumentCache full:https://registry.npmjs.org/@napi-rs%2fwasm-runtime cache-miss
204 http fetch GET 200 https://registry.npmjs.org/@napi-rs%2fwasm-runtime 72ms (cache miss)
205 silly packumentCache full:https://registry.npmjs.org/@napi-rs%2fwasm-runtime set size:undefined disposed:false
206 silly placeDep ROOT @napi-rs/wasm-runtime@1.1.4 OK for: @snazzah/davey-wasm32-wasi@0.1.11 want: ^1.1.2
207 silly fetch manifest @tybys/wasm-util@^0.10.1
208 silly packumentCache full:https://registry.npmjs.org/@tybys%2fwasm-util cache-miss
209 http fetch GET 200 https://registry.npmjs.org/@tybys%2fwasm-util 75ms (cache miss)
210 silly packumentCache full:https://registry.npmjs.org/@tybys%2fwasm-util set size:undefined disposed:false
211 silly placeDep ROOT @tybys/wasm-util@0.10.1 OK for: @napi-rs/wasm-runtime@1.1.4 want: ^0.10.1
212 silly placeDep ROOT bun-types@1.3.11 OK for: @types/bun@1.3.11 want: 1.3.11
213 silly placeDep ROOT undici-types@7.19.2 OK for: @types/node@25.6.0 want: ~7.19.0
214 silly placeDep ROOT agent-base@9.0.0 OK for: https-proxy-agent@9.0.0 want: 9.0.0
215 silly placeDep ROOT debug@4.4.3 OK for: https-proxy-agent@9.0.0 want: ^4.3.4
216 silly fetch manifest ms@^2.1.3
217 silly packumentCache full:https://registry.npmjs.org/ms cache-miss
218 http fetch GET 200 https://registry.npmjs.org/ms 68ms (cache miss)
219 silly packumentCache full:https://registry.npmjs.org/ms set size:undefined disposed:false
220 silly placeDep ROOT ms@2.1.3 OK for: debug@4.4.3 want: ^2.1.3
221 silly reify moves {}
222 verbose reify failed optional dependency /home/clawbot/.openclaw/plugin-runtime-deps/openclaw-unknown-8e1f282ff784/node_modules/@snazzah/davey-win32-x64-msvc
223 silly reify mark deleted [
223 silly reify   '/home/clawbot/.openclaw/plugin-runtime-deps/openclaw-unknown-8e1f282ff784/node_modules/@snazzah/davey-win32-x64-msvc'
223 silly reify ]
224 verbose reify failed optional dependency /home/clawbot/.openclaw/plugin-runtime-deps/openclaw-unknown-8e1f282ff784/node_modules/@snazzah/davey-win32-ia32-msvc
225 silly reify mark deleted [
225 silly reify   '/home/clawbot/.openclaw/plugin-runtime-deps/openclaw-unknown-8e1f282ff784/node_modules/@snazzah/davey-win32-ia32-msvc'
225 silly reify ]
226 verbose reify failed optional dependency /home/clawbot/.openclaw/plugin-runtime-deps/openclaw-unknown-8e1f282ff784/node_modules/@snazzah/davey-win32-arm64-msvc
227 silly reify mark deleted [
227 silly reify   '/home/clawbot/.openclaw/plugin-runtime-deps/openclaw-unknown-8e1f282ff784/node_modules/@snazzah/davey-win32-arm64-msvc'
227 silly reify ]
228 verbose reify failed optional dependency /home/clawbot/.openclaw/plugin-runtime-deps/openclaw-unknown-8e1f282ff784/node_modules/@snazzah/davey-wasm32-wasi
229 silly reify mark deleted [
229 silly reify   '/home/clawbot/.openclaw/plugin-runtime-deps/openclaw-unknown-8e1f282ff784/node_modules/@snazzah/davey-wasm32-wasi'
229 silly reify ]
230 verbose reify failed optional dependency /home/clawbot/.openclaw/plugin-runtime-deps/openclaw-unknown-8e1f282ff784/node_modules/@napi-rs/wasm-runtime
231 silly reify mark deleted [
231 silly reify   '/home/clawbot/.openclaw/plugin-runtime-deps/openclaw-unknown-8e1f282ff784/node_modules/@napi-rs/wasm-runtime'
231 silly reify ]
232 verbose reify failed optional dependency /home/clawbot/.openclaw/plugin-runtime-deps/openclaw-unknown-8e1f282ff784/node_modules/@tybys/wasm-util
233 silly reify mark deleted [
233 silly reify   '/home/clawbot/.openclaw/plugin-runtime-deps/openclaw-unknown-8e1f282ff784/node_modules/@tybys/wasm-util'
233 silly reify ]
234 verbose reify failed optional dependency /home/clawbot/.openclaw/plugin-runtime-deps/openclaw-unknown-8e1f282ff784/node_modules/@snazzah/davey-linux-x64-musl
235 silly reify mark deleted [
235 silly reify   '/home/clawbot/.openclaw/plugin-runtime-deps/openclaw-unknown-8e1f282ff784/node_modules/@snazzah/davey-linux-x64-musl'
235 silly reify ]
236 verbose reify failed optional dependency /home/clawbot/.openclaw/plugin-runtime-deps/openclaw-unknown-8e1f282ff784/node_modules/@snazzah/davey-linux-arm64-musl
237 silly reify mark deleted [
237 silly reify   '/home/clawbot/.openclaw/plugin-runtime-deps/openclaw-unknown-8e1f282ff784/node_modules/@snazzah/davey-linux-arm64-musl'
237 silly reify ]
238 verbose reify failed optional dependency /home/clawbot/.openclaw/plugin-runtime-deps/openclaw-unknown-8e1f282ff784/node_modules/@snazzah/davey-linux-arm64-gnu
239 silly reify mark deleted [
239 silly reify   '/home/clawbot/.openclaw/plugin-runtime-deps/openclaw-unknown-8e1f282ff784/node_modules/@snazzah/davey-linux-arm64-gnu'
239 silly reify ]
240 verbose reify failed optional dependency /home/clawbot/.openclaw/plugin-runtime-deps/openclaw-unknown-8e1f282ff784/node_modules/@snazzah/davey-linux-arm-gnueabihf
241 silly reify mark deleted [
241 silly reify   '/home/clawbot/.openclaw/plugin-runtime-deps/openclaw-unknown-8e1f282ff784/node_modules/@snazzah/davey-linux-arm-gnueabihf'
241 silly reify ]
242 verbose reify failed optional dependency /home/clawbot/.openclaw/plugin-runtime-deps/openclaw-unknown-8e1f282ff784/node_modules/@snazzah/davey-freebsd-x64
243 silly reify mark deleted [
243 silly reify   '/home/clawbot/.openclaw/plugin-runtime-deps/openclaw-unknown-8e1f282ff784/node_modules/@snazzah/davey-freebsd-x64'
243 silly reify ]
244 verbose reify failed optional dependency /home/clawbot/.openclaw/plugin-runtime-deps/openclaw-unknown-8e1f282ff784/node_modules/@snazzah/davey-darwin-x64
245 silly reify mark deleted [
245 silly reify   '/home/clawbot/.openclaw/plugin-runtime-deps/openclaw-unknown-8e1f282ff784/node_modules/@snazzah/davey-darwin-x64'
245 silly reify ]
246 verbose reify failed optional dependency /home/clawbot/.openclaw/plugin-runtime-deps/openclaw-unknown-8e1f282ff784/node_modules/@snazzah/davey-darwin-arm64
247 silly reify mark deleted [
247 silly reify   '/home/clawbot/.openclaw/plugin-runtime-deps/openclaw-unknown-8e1f282ff784/node_modules/@snazzah/davey-darwin-arm64'
247 silly reify ]
248 verbose reify failed optional dependency /home/clawbot/.openclaw/plugin-runtime-deps/openclaw-unknown-8e1f282ff784/node_modules/@snazzah/davey-android-arm64
249 silly reify mark deleted [
249 silly reify   '/home/clawbot/.openclaw/plugin-runtime-deps/openclaw-unknown-8e1f282ff784/node_modules/@snazzah/davey-android-arm64'
249 silly reify ]
250 verbose reify failed optional dependency /home/clawbot/.openclaw/plugin-runtime-deps/openclaw-unknown-8e1f282ff784/node_modules/@snazzah/davey-android-arm-eabi
251 silly reify mark deleted [
251 silly reify   '/home/clawbot/.openclaw/plugin-runtime-deps/openclaw-unknown-8e1f282ff784/node_modules/@snazzah/davey-android-arm-eabi'
251 silly reify ]
252 http cache ms@https://registry.npmjs.org/ms/-/ms-2.1.3.tgz 0ms (cache hit)
253 http cache agent-base@https://registry.npmjs.org/agent-base/-/agent-base-9.0.0.tgz 0ms (cache hit)
254 http cache bun-types@https://registry.npmjs.org/bun-types/-/bun-types-1.3.11.tgz 0ms (cache hit)
255 http cache debug@https://registry.npmjs.org/debug/-/debug-4.4.3.tgz 0ms (cache hit)
256 http cache @tybys/wasm-util@https://registry.npmjs.org/@tybys/wasm-util/-/wasm-util-0.10.1.tgz 0ms (cache hit)
257 http cache @napi-rs/wasm-runtime@https://registry.npmjs.org/@napi-rs/wasm-runtime/-/wasm-runtime-1.1.4.tgz 0ms (cache hit)
258 http cache @snazzah/davey-linux-x64-gnu@https://registry.npmjs.org/@snazzah/davey-linux-x64-gnu/-/davey-linux-x64-gnu-0.1.11.tgz 0ms (cache hit)
259 http cache undici-types@https://registry.npmjs.org/undici-types/-/undici-types-7.19.2.tgz 0ms (cache hit)
260 http cache tslib@https://registry.npmjs.org/tslib/-/tslib-2.8.1.tgz 0ms (cache hit)
261 http cache prism-media@https://registry.npmjs.org/prism-media/-/prism-media-1.3.5.tgz 0ms (cache hit)
262 http cache @snazzah/davey@https://registry.npmjs.org/@snazzah/davey/-/davey-0.1.11.tgz 0ms (cache hit)
263 http cache @types/node@https://registry.npmjs.org/@types/node/-/node-25.6.0.tgz 0ms (cache hit)
264 http cache @types/bun@https://registry.npmjs.org/@types/bun/-/bun-1.3.11.tgz 0ms (cache hit)
265 http cache @types/ws@https://registry.npmjs.org/@types/ws/-/ws-8.18.1.tgz 0ms (cache hit)
266 http cache ws@https://registry.npmjs.org/ws/-/ws-8.20.0.tgz 0ms (cache hit)
267 http cache @cloudflare/workers-types@https://registry.npmjs.org/@cloudflare/workers-types/-/workers-types-4.20260405.1.tgz 0ms (cache hit)
268 http cache undici@https://registry.npmjs.org/undici/-/undici-8.1.0.tgz 0ms (cache hit)
269 http cache opusscript@https://registry.npmjs.org/opusscript/-/opusscript-0.1.1.tgz 0ms (cache hit)
270 http cache https-proxy-agent@https://registry.npmjs.org/https-proxy-agent/-/https-proxy-agent-9.0.0.tgz 0ms (cache hit)
271 http cache typebox@https://registry.npmjs.org/typebox/-/typebox-1.1.31.tgz 0ms (cache hit)
272 http cache discord-api-types@https://registry.npmjs.org/discord-api-types/-/discord-api-types-0.38.47.tgz 0ms (cache hit)
273 http cache @discordjs/voice@https://registry.npmjs.org/@discordjs/voice/-/voice-0.19.2.tgz 0ms (cache hit)
274 http cache @buape/carbon@https://registry.npmjs.org/@buape/carbon/-/carbon-0.16.0.tgz 0ms (cache hit)
275 http cache discord-api-types@https://registry.npmjs.org/discord-api-types/-/discord-api-types-0.38.45.tgz 0ms (cache hit)
276 silly tarball no local data for ms@https://registry.npmjs.org/ms/-/ms-2.1.3.tgz. Extracting by manifest.
277 silly tarball no local data for agent-base@https://registry.npmjs.org/agent-base/-/agent-base-9.0.0.tgz. Extracting by manifest.
278 silly tarball no local data for bun-types@https://registry.npmjs.org/bun-types/-/bun-types-1.3.11.tgz. Extracting by manifest.
279 silly tarball no local data for debug@https://registry.npmjs.org/debug/-/debug-4.4.3.tgz. Extracting by manifest.
280 silly tarball no local data for @tybys/wasm-util@https://registry.npmjs.org/@tybys/wasm-util/-/wasm-util-0.10.1.tgz. Extracting by manifest.
281 silly tarball no local data for @napi-rs/wasm-runtime@https://registry.npmjs.org/@napi-rs/wasm-runtime/-/wasm-runtime-1.1.4.tgz. Extracting by manifest.
282 silly tarball no local data for @snazzah/davey-linux-x64-gnu@https://registry.npmjs.org/@snazzah/davey-linux-x64-gnu/-/davey-linux-x64-gnu-0.1.11.tgz. Extracting by manifest.
283 silly tarball no local data for undici-types@https://registry.npmjs.org/undici-types/-/undici-types-7.19.2.tgz. Extracting by manifest.
284 silly tarball no local data for tslib@https://registry.npmjs.org/tslib/-/tslib-2.8.1.tgz. Extracting by manifest.
285 silly tarball no local data for prism-media@https://registry.npmjs.org/prism-media/-/prism-media-1.3.5.tgz. Extracting by manifest.
286 silly tarball no local data for @snazzah/davey@https://registry.npmjs.org/@snazzah/davey/-/davey-0.1.11.tgz. Extracting by manifest.
287 silly tarball no local data for @types/node@https://registry.npmjs.org/@types/node/-/node-25.6.0.tgz. Extracting by manifest.
288 silly tarball no local data for @types/bun@https://registry.npmjs.org/@types/bun/-/bun-1.3.11.tgz. Extracting by manifest.
289 silly tarball no local data for @types/ws@https://registry.npmjs.org/@types/ws/-/ws-8.18.1.tgz. Extracting by manifest.
290 silly tarball no local data for ws@https://registry.npmjs.org/ws/-/ws-8.20.0.tgz. Extracting by manifest.
291 silly tarball no local data for @cloudflare/workers-types@https://registry.npmjs.org/@cloudflare/workers-types/-/workers-types-4.20260405.1.tgz. Extracting by manifest.
292 silly tarball no local data for undici@https://registry.npmjs.org/undici/-/undici-8.1.0.tgz. Extracting by manifest.
293 silly tarball no local data for opusscript@https://registry.npmjs.org/opusscript/-/opusscript-0.1.1.tgz. Extracting by manifest.
294 silly tarball no local data for https-proxy-agent@https://registry.npmjs.org/https-proxy-agent/-/https-proxy-agent-9.0.0.tgz. Extracting by manifest.
295 silly tarball no local data for typebox@https://registry.npmjs.org/typebox/-/typebox-1.1.31.tgz. Extracting by manifest.
296 silly tarball no local data for discord-api-types@https://registry.npmjs.org/discord-api-types/-/discord-api-types-0.38.47.tgz. Extracting by manifest.
297 silly tarball no local data for @discordjs/voice@https://registry.npmjs.org/@discordjs/voice/-/voice-0.19.2.tgz. Extracting by manifest.
298 silly tarball no local data for @buape/carbon@https://registry.npmjs.org/@buape/carbon/-/carbon-0.16.0.tgz. Extracting by manifest.
299 silly tarball no local data for discord-api-types@https://registry.npmjs.org/discord-api-types/-/discord-api-types-0.38.45.tgz. Extracting by manifest.
300 http fetch GET 200 https://registry.npmjs.org/ms/-/ms-2.1.3.tgz 86ms (cache miss)
301 http fetch GET 200 https://registry.npmjs.org/@types/bun/-/bun-1.3.11.tgz 86ms (cache miss)
302 http fetch GET 200 https://registry.npmjs.org/@types/ws/-/ws-8.18.1.tgz 88ms (cache miss)
303 http fetch GET 200 https://registry.npmjs.org/agent-base/-/agent-base-9.0.0.tgz 93ms (cache miss)
304 http fetch GET 200 https://registry.npmjs.org/@snazzah/davey/-/davey-0.1.11.tgz 91ms (cache miss)
305 http fetch GET 200 https://registry.npmjs.org/debug/-/debug-4.4.3.tgz 100ms (cache miss)
306 http fetch GET 200 https://registry.npmjs.org/tslib/-/tslib-2.8.1.tgz 104ms (cache miss)
307 http fetch GET 200 https://registry.npmjs.org/https-proxy-agent/-/https-proxy-agent-9.0.0.tgz 123ms (cache miss)
308 http fetch GET 200 https://registry.npmjs.org/prism-media/-/prism-media-1.3.5.tgz 129ms (cache miss)
309 http fetch GET 200 https://registry.npmjs.org/undici-types/-/undici-types-7.19.2.tgz 134ms (cache miss)
310 http fetch GET 200 https://registry.npmjs.org/opusscript/-/opusscript-0.1.1.tgz 198ms (cache miss)
311 http fetch GET 200 https://registry.npmjs.org/@discordjs/voice/-/voice-0.19.2.tgz 204ms (cache miss)
312 http fetch GET 200 https://registry.npmjs.org/ws/-/ws-8.20.0.tgz 211ms (cache miss)
313 http fetch GET 200 https://registry.npmjs.org/@snazzah/davey-linux-x64-gnu/-/davey-linux-x64-gnu-0.1.11.tgz 234ms (cache miss)
314 http fetch GET 200 https://registry.npmjs.org/@tybys/wasm-util/-/wasm-util-0.10.1.tgz 241ms (cache miss)
315 http fetch GET 200 https://registry.npmjs.org/@types/node/-/node-25.6.0.tgz 252ms (cache miss)
316 http fetch GET 200 https://registry.npmjs.org/@napi-rs/wasm-runtime/-/wasm-runtime-1.1.4.tgz 272ms (cache miss)
317 http fetch GET 200 https://registry.npmjs.org/@cloudflare/workers-types/-/workers-types-4.20260405.1.tgz 322ms (cache miss)
318 http fetch GET 200 https://registry.npmjs.org/undici/-/undici-8.1.0.tgz 353ms (cache miss)
319 http fetch GET 200 https://registry.npmjs.org/bun-types/-/bun-types-1.3.11.tgz 421ms (cache miss)
320 http fetch GET 200 https://registry.npmjs.org/@buape/carbon/-/carbon-0.16.0.tgz 504ms (cache miss)
321 http fetch GET 200 https://registry.npmjs.org/discord-api-types/-/discord-api-types-0.38.47.tgz 573ms (cache miss)
322 http fetch GET 200 https://registry.npmjs.org/discord-api-types/-/discord-api-types-0.38.45.tgz 572ms (cache miss)
323 http fetch GET 200 https://registry.npmjs.org/typebox/-/typebox-1.1.31.tgz 622ms (cache miss)
324 silly ADD node_modules/ms
325 silly ADD node_modules/debug
326 silly ADD node_modules/agent-base
327 silly ADD node_modules/undici-types
328 silly ADD node_modules/bun-types
329 silly ADD
330 silly ADD
331 silly ADD
332 silly ADD
333 silly ADD
334 silly ADD
335 silly ADD
336 silly ADD node_modules/@snazzah/davey-linux-x64-gnu
337 silly ADD
338 silly ADD
339 silly ADD
340 silly ADD
341 silly ADD
342 silly ADD
343 silly ADD
344 silly ADD
345 silly ADD node_modules/tslib
346 silly ADD node_modules/prism-media
347 silly ADD node_modules/@snazzah/davey
348 silly ADD node_modules/@types/ws
349 silly ADD node_modules/@types/node
350 silly ADD node_modules/@types/bun
351 silly ADD node_modules/@cloudflare/workers-types
352 silly ADD node_modules/ws
353 silly ADD node_modules/undici
354 silly ADD node_modules/typebox
355 silly ADD node_modules/opusscript
356 silly ADD node_modules/https-proxy-agent
357 silly ADD node_modules/discord-api-types
358 silly ADD node_modules/@discordjs/voice
359 silly ADD node_modules/@buape/carbon
360 silly ADD node_modules/@buape/carbon/node_modules/discord-api-types
361 verbose cwd /home/clawbot/.openclaw/plugin-runtime-deps/openclaw-unknown-8e1f282ff784
362 verbose os Linux 6.17.0-20-generic
363 verbose node v22.22.2
364 verbose npm  v10.9.7
365 notice
365 notice New major version of npm available! 10.9.7 -> 11.13.0
365 notice Changelog: https://github.com/npm/cli/releases/tag/v11.13.0
365 notice To update run: npm install -g npm@11.13.0
365 notice  { force: true, [Symbol(proc-log.meta)]: true }
366 verbose exit 0
367 info ok
